C:\Program Files\Microsoft Visual Studio\2022\Community\MSBuild\Microsoft\VC\v170\Microsoft.CppBuild.targets(517,5): warning MSB8004: Output 디렉터리가 슬래시로 끝나지 않습니다. Output 디렉터리의 적절한 평가를 허용하는 데 필요하므로 이 빌드 인스턴스에서 슬래시를 추가합니다.
  민지용.cpp
D:\산기대\2-1\윈도우프로그래밍\WndProg\wndprog_inversers\민지용.cpp(142,14): warning C4244: '=': 'int'에서 'float'(으)로 변환하면서 데이터가 손실될 수 있습니다.
D:\산기대\2-1\윈도우프로그래밍\WndProg\wndprog_inversers\민지용.cpp(143,14): warning C4244: '=': 'int'에서 'float'(으)로 변환하면서 데이터가 손실될 수 있습니다.
D:\산기대\2-1\윈도우프로그래밍\WndProg\wndprog_inversers\민지용.cpp(222,16): warning C4244: 'return': 'WPARAM'에서 'int'(으)로 변환하면서 데이터가 손실될 수 있습니다.
D:\산기대\2-1\윈도우프로그래밍\WndProg\wndprog_inversers\민지용.cpp(344,16): warning C4305: '초기화 중': 'double'에서 'float'(으)로 잘립니다.
D:\산기대\2-1\윈도우프로그래밍\WndProg\wndprog_inversers\민지용.cpp(398,19): warning C4244: '초기화 중': 'double'에서 'float'(으)로 변환하면서 데이터가 손실될 수 있습니다.
D:\산기대\2-1\윈도우프로그래밍\WndProg\wndprog_inversers\민지용.cpp(399,16): warning C4305: '초기화 중': 'double'에서 'float'(으)로 잘립니다.
D:\산기대\2-1\윈도우프로그래밍\WndProg\wndprog_inversers\민지용.cpp(698,36): warning C4244: '=': 'float'에서 'int'(으)로 변환하면서 데이터가 손실될 수 있습니다.
D:\산기대\2-1\윈도우프로그래밍\WndProg\wndprog_inversers\민지용.cpp(699,36): warning C4244: '=': 'float'에서 'int'(으)로 변환하면서 데이터가 손실될 수 있습니다.
D:\산기대\2-1\윈도우프로그래밍\WndProg\wndprog_inversers\민지용.cpp(850,60): warning C4244: '인수': 'float'에서 'int'(으)로 변환하면서 데이터가 손실될 수 있습니다.
D:\산기대\2-1\윈도우프로그래밍\WndProg\wndprog_inversers\민지용.cpp(850,42): warning C4244: '인수': 'float'에서 'int'(으)로 변환하면서 데이터가 손실될 수 있습니다.
D:\산기대\2-1\윈도우프로그래밍\WndProg\wndprog_inversers\민지용.cpp(855,109): warning C4244: '인수': 'float'에서 'int'(으)로 변환하면서 데이터가 손실될 수 있습니다.
D:\산기대\2-1\윈도우프로그래밍\WndProg\wndprog_inversers\민지용.cpp(855,84): warning C4244: '인수': 'float'에서 'int'(으)로 변환하면서 데이터가 손실될 수 있습니다.
D:\산기대\2-1\윈도우프로그래밍\WndProg\wndprog_inversers\민지용.cpp(855,71): warning C4244: '인수': 'float'에서 'int'(으)로 변환하면서 데이터가 손실될 수 있습니다.
D:\산기대\2-1\윈도우프로그래밍\WndProg\wndprog_inversers\민지용.cpp(855,61): warning C4244: '인수': 'float'에서 'int'(으)로 변환하면서 데이터가 손실될 수 있습니다.
D:\산기대\2-1\윈도우프로그래밍\WndProg\wndprog_inversers\민지용.cpp(856,81): warning C4244: '인수': 'float'에서 'int'(으)로 변환하면서 데이터가 손실될 수 있습니다.
D:\산기대\2-1\윈도우프로그래밍\WndProg\wndprog_inversers\민지용.cpp(856,56): warning C4244: '인수': 'float'에서 'int'(으)로 변환하면서 데이터가 손실될 수 있습니다.
D:\산기대\2-1\윈도우프로그래밍\WndProg\wndprog_inversers\민지용.cpp(856,43): warning C4244: '인수': 'float'에서 'int'(으)로 변환하면서 데이터가 손실될 수 있습니다.
D:\산기대\2-1\윈도우프로그래밍\WndProg\wndprog_inversers\민지용.cpp(856,33): warning C4244: '인수': 'float'에서 'int'(으)로 변환하면서 데이터가 손실될 수 있습니다.
D:\산기대\2-1\윈도우프로그래밍\WndProg\wndprog_inversers\민지용.cpp(860,59): warning C4244: '인수': 'float'에서 'int'(으)로 변환하면서 데이터가 손실될 수 있습니다.
D:\산기대\2-1\윈도우프로그래밍\WndProg\wndprog_inversers\민지용.cpp(860,41): warning C4244: '인수': 'float'에서 'int'(으)로 변환하면서 데이터가 손실될 수 있습니다.
D:\산기대\2-1\윈도우프로그래밍\WndProg\wndprog_inversers\민지용.cpp(918,108): warning C4244: '인수': 'float'에서 'int'(으)로 변환하면서 데이터가 손실될 수 있습니다.
D:\산기대\2-1\윈도우프로그래밍\WndProg\wndprog_inversers\민지용.cpp(918,79): warning C4244: '인수': 'float'에서 'int'(으)로 변환하면서 데이터가 손실될 수 있습니다.
D:\산기대\2-1\윈도우프로그래밍\WndProg\wndprog_inversers\민지용.cpp(918,64): warning C4244: '인수': 'float'에서 'int'(으)로 변환하면서 데이터가 손실될 수 있습니다.
D:\산기대\2-1\윈도우프로그래밍\WndProg\wndprog_inversers\민지용.cpp(918,52): warning C4244: '인수': 'float'에서 'int'(으)로 변환하면서 데이터가 손실될 수 있습니다.
D:\산기대\2-1\윈도우프로그래밍\WndProg\wndprog_inversers\민지용.cpp(923,33): warning C4244: '인수': 'float'에서 'int'(으)로 변환하면서 데이터가 손실될 수 있습니다.
D:\산기대\2-1\윈도우프로그래밍\WndProg\wndprog_inversers\민지용.cpp(923,27): warning C4244: '인수': 'float'에서 'int'(으)로 변환하면서 데이터가 손실될 수 있습니다.
  코드를 생성하고 있습니다.
  Previous IPDB and IOBJ mismatch, fall back to full compilation.
  All 52 functions were compiled because no usable IPDB/IOBJ from previous compilation was found.
  코드를 생성했습니다.
  wndprog_inversers.vcxproj -> D:\산기대\2-1\윈도우프로그래밍\WndProg\wndprog_inversers\x64\Release\wndprog_inversers.exe
