  wndprog_inversers.cpp
D:\산기대\2-1\윈도우프로그래밍\WndProg\wndprog_inversers\wndprog_inversers.cpp(142,14): warning C4244: '=': 'int'에서 'float'(으)로 변환하면서 데이터가 손실될 수 있습니다.
D:\산기대\2-1\윈도우프로그래밍\WndProg\wndprog_inversers\wndprog_inversers.cpp(143,14): warning C4244: '=': 'int'에서 'float'(으)로 변환하면서 데이터가 손실될 수 있습니다.
D:\산기대\2-1\윈도우프로그래밍\WndProg\wndprog_inversers\wndprog_inversers.cpp(222,16): warning C4244: 'return': 'WPARAM'에서 'int'(으)로 변환하면서 데이터가 손실될 수 있습니다.
D:\산기대\2-1\윈도우프로그래밍\WndProg\wndprog_inversers\wndprog_inversers.cpp(344,16): warning C4305: '초기화 중': 'double'에서 'float'(으)로 잘립니다.
D:\산기대\2-1\윈도우프로그래밍\WndProg\wndprog_inversers\wndprog_inversers.cpp(398,19): warning C4244: '초기화 중': 'double'에서 'float'(으)로 변환하면서 데이터가 손실될 수 있습니다.
D:\산기대\2-1\윈도우프로그래밍\WndProg\wndprog_inversers\wndprog_inversers.cpp(399,16): warning C4305: '초기화 중': 'double'에서 'float'(으)로 잘립니다.
D:\산기대\2-1\윈도우프로그래밍\WndProg\wndprog_inversers\wndprog_inversers.cpp(698,36): warning C4244: '=': 'float'에서 'int'(으)로 변환하면서 데이터가 손실될 수 있습니다.
D:\산기대\2-1\윈도우프로그래밍\WndProg\wndprog_inversers\wndprog_inversers.cpp(699,36): warning C4244: '=': 'float'에서 'int'(으)로 변환하면서 데이터가 손실될 수 있습니다.
D:\산기대\2-1\윈도우프로그래밍\WndProg\wndprog_inversers\wndprog_inversers.cpp(850,60): warning C4244: '인수': 'float'에서 'int'(으)로 변환하면서 데이터가 손실될 수 있습니다.
D:\산기대\2-1\윈도우프로그래밍\WndProg\wndprog_inversers\wndprog_inversers.cpp(850,42): warning C4244: '인수': 'float'에서 'int'(으)로 변환하면서 데이터가 손실될 수 있습니다.
D:\산기대\2-1\윈도우프로그래밍\WndProg\wndprog_inversers\wndprog_inversers.cpp(855,109): warning C4244: '인수': 'float'에서 'int'(으)로 변환하면서 데이터가 손실될 수 있습니다.
D:\산기대\2-1\윈도우프로그래밍\WndProg\wndprog_inversers\wndprog_inversers.cpp(855,84): warning C4244: '인수': 'float'에서 'int'(으)로 변환하면서 데이터가 손실될 수 있습니다.
D:\산기대\2-1\윈도우프로그래밍\WndProg\wndprog_inversers\wndprog_inversers.cpp(855,71): warning C4244: '인수': 'float'에서 'int'(으)로 변환하면서 데이터가 손실될 수 있습니다.
D:\산기대\2-1\윈도우프로그래밍\WndProg\wndprog_inversers\wndprog_inversers.cpp(855,61): warning C4244: '인수': 'float'에서 'int'(으)로 변환하면서 데이터가 손실될 수 있습니다.
D:\산기대\2-1\윈도우프로그래밍\WndProg\wndprog_inversers\wndprog_inversers.cpp(856,81): warning C4244: '인수': 'float'에서 'int'(으)로 변환하면서 데이터가 손실될 수 있습니다.
D:\산기대\2-1\윈도우프로그래밍\WndProg\wndprog_inversers\wndprog_inversers.cpp(856,56): warning C4244: '인수': 'float'에서 'int'(으)로 변환하면서 데이터가 손실될 수 있습니다.
D:\산기대\2-1\윈도우프로그래밍\WndProg\wndprog_inversers\wndprog_inversers.cpp(856,43): warning C4244: '인수': 'float'에서 'int'(으)로 변환하면서 데이터가 손실될 수 있습니다.
D:\산기대\2-1\윈도우프로그래밍\WndProg\wndprog_inversers\wndprog_inversers.cpp(856,33): warning C4244: '인수': 'float'에서 'int'(으)로 변환하면서 데이터가 손실될 수 있습니다.
D:\산기대\2-1\윈도우프로그래밍\WndProg\wndprog_inversers\wndprog_inversers.cpp(860,59): warning C4244: '인수': 'float'에서 'int'(으)로 변환하면서 데이터가 손실될 수 있습니다.
D:\산기대\2-1\윈도우프로그래밍\WndProg\wndprog_inversers\wndprog_inversers.cpp(860,41): warning C4244: '인수': 'float'에서 'int'(으)로 변환하면서 데이터가 손실될 수 있습니다.
D:\산기대\2-1\윈도우프로그래밍\WndProg\wndprog_inversers\wndprog_inversers.cpp(918,108): warning C4244: '인수': 'float'에서 'int'(으)로 변환하면서 데이터가 손실될 수 있습니다.
D:\산기대\2-1\윈도우프로그래밍\WndProg\wndprog_inversers\wndprog_inversers.cpp(918,79): warning C4244: '인수': 'float'에서 'int'(으)로 변환하면서 데이터가 손실될 수 있습니다.
D:\산기대\2-1\윈도우프로그래밍\WndProg\wndprog_inversers\wndprog_inversers.cpp(918,64): warning C4244: '인수': 'float'에서 'int'(으)로 변환하면서 데이터가 손실될 수 있습니다.
D:\산기대\2-1\윈도우프로그래밍\WndProg\wndprog_inversers\wndprog_inversers.cpp(918,52): warning C4244: '인수': 'float'에서 'int'(으)로 변환하면서 데이터가 손실될 수 있습니다.
D:\산기대\2-1\윈도우프로그래밍\WndProg\wndprog_inversers\wndprog_inversers.cpp(923,33): warning C4244: '인수': 'float'에서 'int'(으)로 변환하면서 데이터가 손실될 수 있습니다.
D:\산기대\2-1\윈도우프로그래밍\WndProg\wndprog_inversers\wndprog_inversers.cpp(923,27): warning C4244: '인수': 'float'에서 'int'(으)로 변환하면서 데이터가 손실될 수 있습니다.
  wndprog_inversers.vcxproj -> D:\산기대\2-1\윈도우프로그래밍\WndProg\x64\Debug\wndprog_inversers.exe
